[2020-04-14 23:05:36,921] TRACE [Controller id=0 epoch=6] Changed partition login_stud-0 state from NonExistentPartition to NewPartition with assigned replicas 0 (state.change.logger)
[2020-04-14 23:05:36,927] TRACE [Controller id=0 epoch=6] Changed state of replica 0 for partition login_stud-0 from NonExistentReplica to NewReplica (state.change.logger)
[2020-04-14 23:05:36,986] TRACE [Controller id=0 epoch=6] Changed partition login_stud-0 from NewPartition to OnlinePartition with state LeaderAndIsr(leader=0, leaderEpoch=0, isr=List(0), zkVersion=0) (state.change.logger)
[2020-04-14 23:05:36,986] TRACE [Controller id=0 epoch=6] Sending become-leader LeaderAndIsr request PartitionState(controllerEpoch=6, leader=0, leaderEpoch=0, isr=0, zkVersion=0, replicas=0, isNew=true) to broker 0 for partition login_stud-0 (state.change.logger)
[2020-04-14 23:05:36,986] TRACE [Controller id=0 epoch=6] Sending UpdateMetadata request PartitionState(controllerEpoch=6, leader=0, leaderEpoch=0, isr=[0], zkVersion=0, replicas=[0], offlineReplicas=[]) to brokers Set(0) for partition login_stud-0 (state.change.logger)
[2020-04-14 23:05:36,987] TRACE [Controller id=0 epoch=6] Changed state of replica 0 for partition login_stud-0 from NewReplica to OnlineReplica (state.change.logger)
[2020-04-14 23:05:36,990] TRACE [Broker id=0] Received LeaderAndIsr request PartitionState(controllerEpoch=6, leader=0, leaderEpoch=0, isr=0, zkVersion=0, replicas=0, isNew=true) correlation id 3 from controller 0 epoch 6 for partition login_stud-0 (state.change.logger)
[2020-04-14 23:05:36,991] TRACE [Broker id=0] Handling LeaderAndIsr request correlationId 3 from controller 0 epoch 6 starting the become-leader transition for partition login_stud-0 (state.change.logger)
[2020-04-14 23:05:37,001] TRACE [Broker id=0] Stopped fetchers as part of become-leader request from controller 0 epoch 6 with correlation id 3 for partition login_stud-0 (last update controller epoch 6) (state.change.logger)
[2020-04-14 23:05:37,001] TRACE [Broker id=0] Completed LeaderAndIsr request correlationId 3 from controller 0 epoch 6 for the become-leader transition for partition login_stud-0 (state.change.logger)
[2020-04-14 23:05:37,002] TRACE [Controller id=0 epoch=6] Received response {error_code=0,partitions=[{topic=login_stud,partition=0,error_code=0}]} for request LEADER_AND_ISR with correlation id 3 sent to broker hackpad:9092 (id: 0 rack: null) (state.change.logger)
[2020-04-14 23:05:37,004] TRACE [Broker id=0] Cached leader info PartitionState(controllerEpoch=6, leader=0, leaderEpoch=0, isr=[0], zkVersion=0, replicas=[0], offlineReplicas=[]) for partition login_stud-0 in response to UpdateMetadata request sent by controller 0 epoch 6 with correlation id 4 (state.change.logger)
[2020-04-14 23:05:37,004] TRACE [Controller id=0 epoch=6] Received response {error_code=0} for request UPDATE_METADATA with correlation id 4 sent to broker hackpad:9092 (id: 0 rack: null) (state.change.logger)
[2020-04-14 23:05:45,328] TRACE [Controller id=0 epoch=6] Changed partition login_comp-0 state from NonExistentPartition to NewPartition with assigned replicas 0 (state.change.logger)
[2020-04-14 23:05:45,328] TRACE [Controller id=0 epoch=6] Changed state of replica 0 for partition login_comp-0 from NonExistentReplica to NewReplica (state.change.logger)
[2020-04-14 23:05:45,394] TRACE [Controller id=0 epoch=6] Changed partition login_comp-0 from NewPartition to OnlinePartition with state LeaderAndIsr(leader=0, leaderEpoch=0, isr=List(0), zkVersion=0) (state.change.logger)
[2020-04-14 23:05:45,394] TRACE [Controller id=0 epoch=6] Sending become-leader LeaderAndIsr request PartitionState(controllerEpoch=6, leader=0, leaderEpoch=0, isr=0, zkVersion=0, replicas=0, isNew=true) to broker 0 for partition login_comp-0 (state.change.logger)
[2020-04-14 23:05:45,394] TRACE [Controller id=0 epoch=6] Sending UpdateMetadata request PartitionState(controllerEpoch=6, leader=0, leaderEpoch=0, isr=[0], zkVersion=0, replicas=[0], offlineReplicas=[]) to brokers Set(0) for partition login_comp-0 (state.change.logger)
[2020-04-14 23:05:45,395] TRACE [Controller id=0 epoch=6] Changed state of replica 0 for partition login_comp-0 from NewReplica to OnlineReplica (state.change.logger)
[2020-04-14 23:05:45,395] TRACE [Broker id=0] Received LeaderAndIsr request PartitionState(controllerEpoch=6, leader=0, leaderEpoch=0, isr=0, zkVersion=0, replicas=0, isNew=true) correlation id 5 from controller 0 epoch 6 for partition login_comp-0 (state.change.logger)
[2020-04-14 23:05:45,396] TRACE [Broker id=0] Handling LeaderAndIsr request correlationId 5 from controller 0 epoch 6 starting the become-leader transition for partition login_comp-0 (state.change.logger)
[2020-04-14 23:05:45,404] TRACE [Broker id=0] Stopped fetchers as part of become-leader request from controller 0 epoch 6 with correlation id 5 for partition login_comp-0 (last update controller epoch 6) (state.change.logger)
[2020-04-14 23:05:45,404] TRACE [Broker id=0] Completed LeaderAndIsr request correlationId 5 from controller 0 epoch 6 for the become-leader transition for partition login_comp-0 (state.change.logger)
[2020-04-14 23:05:45,405] TRACE [Controller id=0 epoch=6] Received response {error_code=0,partitions=[{topic=login_comp,partition=0,error_code=0}]} for request LEADER_AND_ISR with correlation id 5 sent to broker hackpad:9092 (id: 0 rack: null) (state.change.logger)
[2020-04-14 23:05:45,406] TRACE [Broker id=0] Cached leader info PartitionState(controllerEpoch=6, leader=0, leaderEpoch=0, isr=[0], zkVersion=0, replicas=[0], offlineReplicas=[]) for partition login_comp-0 in response to UpdateMetadata request sent by controller 0 epoch 6 with correlation id 6 (state.change.logger)
[2020-04-14 23:05:45,406] TRACE [Controller id=0 epoch=6] Received response {error_code=0} for request UPDATE_METADATA with correlation id 6 sent to broker hackpad:9092 (id: 0 rack: null) (state.change.logger)
